{
  "stats": {
    "suites": 1,
    "tests": 32,
    "passes": 32,
    "pending": 0,
    "failures": 0,
    "start": "2024-03-06T13:19:41.537Z",
    "end": "2024-03-06T13:20:35.475Z",
    "duration": 53938,
    "testsRegistered": 32,
    "passPercent": 100,
    "pendingPercent": 0,
    "other": 0,
    "hasOther": false,
    "skipped": 0,
    "hasSkipped": false
  },
  "results": [
    {
      "uuid": "effbea7e-7837-47e5-b393-106ecba7459f",
      "title": "",
      "fullFile": "cypress\\e2e\\pesquisaInterface.cy.js",
      "file": "cypress\\e2e\\pesquisaInterface.cy.js",
      "beforeHooks": [],
      "afterHooks": [],
      "tests": [],
      "suites": [
        {
          "uuid": "1d71db39-ec0a-4e15-9837-397dc12c0878",
          "title": "Input Campo de Pesquisa Interface Countries",
          "fullFile": "",
          "file": "",
          "beforeHooks": [],
          "afterHooks": [],
          "tests": [
            {
              "title": "Validações Pesquisa Brasil",
              "fullTitle": "Input Campo de Pesquisa Interface Countries Validações Pesquisa Brasil",
              "timedOut": null,
              "duration": 3909,
              "state": "passed",
              "speed": "fast",
              "pass": true,
              "fail": false,
              "pending": false,
              "context": null,
              "code": "cy.campoPesquisaBrasil();",
              "err": {},
              "uuid": "c368078c-7515-419a-9b2a-11663d7072fa",
              "parentUUID": "1d71db39-ec0a-4e15-9837-397dc12c0878",
              "isHook": false,
              "skipped": false
            },
            {
              "title": "Validações Pesquisa Argentina",
              "fullTitle": "Input Campo de Pesquisa Interface Countries Validações Pesquisa Argentina",
              "timedOut": null,
              "duration": 1757,
              "state": "passed",
              "speed": "fast",
              "pass": true,
              "fail": false,
              "pending": false,
              "context": null,
              "code": "cy.campoPesquisaArgentina();",
              "err": {},
              "uuid": "d04a67d3-37e5-4223-a097-3d11526ce874",
              "parentUUID": "1d71db39-ec0a-4e15-9837-397dc12c0878",
              "isHook": false,
              "skipped": false
            },
            {
              "title": "Validações Pesquisa Portugal",
              "fullTitle": "Input Campo de Pesquisa Interface Countries Validações Pesquisa Portugal",
              "timedOut": null,
              "duration": 1633,
              "state": "passed",
              "speed": "fast",
              "pass": true,
              "fail": false,
              "pending": false,
              "context": null,
              "code": "cy.campoPesquisaPortugal();",
              "err": {},
              "uuid": "a6a8afb6-9904-4a03-9d5e-fe6436c35942",
              "parentUUID": "1d71db39-ec0a-4e15-9837-397dc12c0878",
              "isHook": false,
              "skipped": false
            },
            {
              "title": "Validações Pesquisa Mexico",
              "fullTitle": "Input Campo de Pesquisa Interface Countries Validações Pesquisa Mexico",
              "timedOut": null,
              "duration": 1601,
              "state": "passed",
              "speed": "fast",
              "pass": true,
              "fail": false,
              "pending": false,
              "context": null,
              "code": "cy.campoPesquisaMexico();",
              "err": {},
              "uuid": "9c675538-c962-426d-bb82-5cc5a1b5fd61",
              "parentUUID": "1d71db39-ec0a-4e15-9837-397dc12c0878",
              "isHook": false,
              "skipped": false
            },
            {
              "title": "Validações Pesquisa EUA",
              "fullTitle": "Input Campo de Pesquisa Interface Countries Validações Pesquisa EUA",
              "timedOut": null,
              "duration": 1844,
              "state": "passed",
              "speed": "fast",
              "pass": true,
              "fail": false,
              "pending": false,
              "context": null,
              "code": "cy.campoPesquisaEUA();",
              "err": {},
              "uuid": "0aff8d05-bcf1-4957-b754-f7ced3d1683a",
              "parentUUID": "1d71db39-ec0a-4e15-9837-397dc12c0878",
              "isHook": false,
              "skipped": false
            },
            {
              "title": "Validações Pesquisa China",
              "fullTitle": "Input Campo de Pesquisa Interface Countries Validações Pesquisa China",
              "timedOut": null,
              "duration": 1602,
              "state": "passed",
              "speed": "fast",
              "pass": true,
              "fail": false,
              "pending": false,
              "context": null,
              "code": "cy.campoPesquisaChina();",
              "err": {},
              "uuid": "095e0259-4532-4868-aa03-6f356c5f0b76",
              "parentUUID": "1d71db39-ec0a-4e15-9837-397dc12c0878",
              "isHook": false,
              "skipped": false
            },
            {
              "title": "Validações Pesquisa Japão",
              "fullTitle": "Input Campo de Pesquisa Interface Countries Validações Pesquisa Japão",
              "timedOut": null,
              "duration": 1549,
              "state": "passed",
              "speed": "fast",
              "pass": true,
              "fail": false,
              "pending": false,
              "context": null,
              "code": "cy.campoPesquisaJapao();",
              "err": {},
              "uuid": "5340e7f0-8bcd-4cc3-9f82-0eac3db7c1ee",
              "parentUUID": "1d71db39-ec0a-4e15-9837-397dc12c0878",
              "isHook": false,
              "skipped": false
            },
            {
              "title": "Validações Pesquisa Russia",
              "fullTitle": "Input Campo de Pesquisa Interface Countries Validações Pesquisa Russia",
              "timedOut": null,
              "duration": 1623,
              "state": "passed",
              "speed": "fast",
              "pass": true,
              "fail": false,
              "pending": false,
              "context": null,
              "code": "cy.campoPesquisaRussia();",
              "err": {},
              "uuid": "4caabe63-1d26-4048-b85f-7925f08a158b",
              "parentUUID": "1d71db39-ec0a-4e15-9837-397dc12c0878",
              "isHook": false,
              "skipped": false
            },
            {
              "title": "Validações Pesquisa Armenia",
              "fullTitle": "Input Campo de Pesquisa Interface Countries Validações Pesquisa Armenia",
              "timedOut": null,
              "duration": 1657,
              "state": "passed",
              "speed": "fast",
              "pass": true,
              "fail": false,
              "pending": false,
              "context": null,
              "code": "cy.campoPesquisaArmenia();",
              "err": {},
              "uuid": "eec649e7-c811-435b-9893-45af5e2af22c",
              "parentUUID": "1d71db39-ec0a-4e15-9837-397dc12c0878",
              "isHook": false,
              "skipped": false
            },
            {
              "title": "Validações Pesquisa Angola",
              "fullTitle": "Input Campo de Pesquisa Interface Countries Validações Pesquisa Angola",
              "timedOut": null,
              "duration": 1519,
              "state": "passed",
              "speed": "fast",
              "pass": true,
              "fail": false,
              "pending": false,
              "context": null,
              "code": "cy.campoPesquisaAngola();",
              "err": {},
              "uuid": "025fc181-fd76-4f3f-9d70-33cc0225bfba",
              "parentUUID": "1d71db39-ec0a-4e15-9837-397dc12c0878",
              "isHook": false,
              "skipped": false
            },
            {
              "title": "Validações Pesquisa Andorra",
              "fullTitle": "Input Campo de Pesquisa Interface Countries Validações Pesquisa Andorra",
              "timedOut": null,
              "duration": 1560,
              "state": "passed",
              "speed": "fast",
              "pass": true,
              "fail": false,
              "pending": false,
              "context": null,
              "code": "cy.campoPesquisaAndorra();",
              "err": {},
              "uuid": "808b53f3-15c5-4612-bef7-fbadd7a3a4b0",
              "parentUUID": "1d71db39-ec0a-4e15-9837-397dc12c0878",
              "isHook": false,
              "skipped": false
            },
            {
              "title": "Validações Pesquisa Belgica",
              "fullTitle": "Input Campo de Pesquisa Interface Countries Validações Pesquisa Belgica",
              "timedOut": null,
              "duration": 1482,
              "state": "passed",
              "speed": "fast",
              "pass": true,
              "fail": false,
              "pending": false,
              "context": null,
              "code": "cy.campoPesquisaBelgica();",
              "err": {},
              "uuid": "5d207ca2-1018-4505-83bf-2363a81e3fa3",
              "parentUUID": "1d71db39-ec0a-4e15-9837-397dc12c0878",
              "isHook": false,
              "skipped": false
            },
            {
              "title": "Validações Pesquisa Bulgária",
              "fullTitle": "Input Campo de Pesquisa Interface Countries Validações Pesquisa Bulgária",
              "timedOut": null,
              "duration": 1538,
              "state": "passed",
              "speed": "fast",
              "pass": true,
              "fail": false,
              "pending": false,
              "context": null,
              "code": "cy.campoPesquisaBulgaria();",
              "err": {},
              "uuid": "6725d237-9f65-44a0-ac6e-c07be0f6ae34",
              "parentUUID": "1d71db39-ec0a-4e15-9837-397dc12c0878",
              "isHook": false,
              "skipped": false
            },
            {
              "title": "Validações Pesquisa Bolivia",
              "fullTitle": "Input Campo de Pesquisa Interface Countries Validações Pesquisa Bolivia",
              "timedOut": null,
              "duration": 1524,
              "state": "passed",
              "speed": "fast",
              "pass": true,
              "fail": false,
              "pending": false,
              "context": null,
              "code": "cy.campoPesquisaBolivia();",
              "err": {},
              "uuid": "2a2fe948-71d5-4ebc-81b9-ca500281fdcb",
              "parentUUID": "1d71db39-ec0a-4e15-9837-397dc12c0878",
              "isHook": false,
              "skipped": false
            },
            {
              "title": "Validações Pesquisa Cuba",
              "fullTitle": "Input Campo de Pesquisa Interface Countries Validações Pesquisa Cuba",
              "timedOut": null,
              "duration": 1484,
              "state": "passed",
              "speed": "fast",
              "pass": true,
              "fail": false,
              "pending": false,
              "context": null,
              "code": "cy.campoPesquisaCuba();",
              "err": {},
              "uuid": "686d4c27-993d-4c10-8d8b-6f6de25078b1",
              "parentUUID": "1d71db39-ec0a-4e15-9837-397dc12c0878",
              "isHook": false,
              "skipped": false
            },
            {
              "title": "Validações Pesquisa Chile",
              "fullTitle": "Input Campo de Pesquisa Interface Countries Validações Pesquisa Chile",
              "timedOut": null,
              "duration": 1524,
              "state": "passed",
              "speed": "fast",
              "pass": true,
              "fail": false,
              "pending": false,
              "context": null,
              "code": "cy.campoPesquisaChile();",
              "err": {},
              "uuid": "762cfbb5-913b-48f7-af47-677d3a966a38",
              "parentUUID": "1d71db39-ec0a-4e15-9837-397dc12c0878",
              "isHook": false,
              "skipped": false
            },
            {
              "title": "Validações Pesquisa Costa Rica",
              "fullTitle": "Input Campo de Pesquisa Interface Countries Validações Pesquisa Costa Rica",
              "timedOut": null,
              "duration": 1555,
              "state": "passed",
              "speed": "fast",
              "pass": true,
              "fail": false,
              "pending": false,
              "context": null,
              "code": "cy.campoPesquisaCostaRica();",
              "err": {},
              "uuid": "240d86c5-2c20-4055-9ad4-af7699a1f2f6",
              "parentUUID": "1d71db39-ec0a-4e15-9837-397dc12c0878",
              "isHook": false,
              "skipped": false
            },
            {
              "title": "Validações Pesquisa Cabo Verde",
              "fullTitle": "Input Campo de Pesquisa Interface Countries Validações Pesquisa Cabo Verde",
              "timedOut": null,
              "duration": 1533,
              "state": "passed",
              "speed": "fast",
              "pass": true,
              "fail": false,
              "pending": false,
              "context": null,
              "code": "cy.campoPesquisaCaboVerde();",
              "err": {},
              "uuid": "7fef9858-41b0-4c8d-81ce-d27bfefa5c74",
              "parentUUID": "1d71db39-ec0a-4e15-9837-397dc12c0878",
              "isHook": false,
              "skipped": false
            },
            {
              "title": "Validações Pesquisa Dinamarca",
              "fullTitle": "Input Campo de Pesquisa Interface Countries Validações Pesquisa Dinamarca",
              "timedOut": null,
              "duration": 1516,
              "state": "passed",
              "speed": "fast",
              "pass": true,
              "fail": false,
              "pending": false,
              "context": null,
              "code": "cy.campoPesquisaDinamarca();",
              "err": {},
              "uuid": "e7ee032a-c596-4f0f-9c5e-1e9fd642246a",
              "parentUUID": "1d71db39-ec0a-4e15-9837-397dc12c0878",
              "isHook": false,
              "skipped": false
            },
            {
              "title": "Validações Pesquisa Equador",
              "fullTitle": "Input Campo de Pesquisa Interface Countries Validações Pesquisa Equador",
              "timedOut": null,
              "duration": 1547,
              "state": "passed",
              "speed": "fast",
              "pass": true,
              "fail": false,
              "pending": false,
              "context": null,
              "code": "cy.campoPesquisaEquador();",
              "err": {},
              "uuid": "45b92a9e-0aad-495f-baad-efa584c2c371",
              "parentUUID": "1d71db39-ec0a-4e15-9837-397dc12c0878",
              "isHook": false,
              "skipped": false
            },
            {
              "title": "Validações Pesquisa Espanha",
              "fullTitle": "Input Campo de Pesquisa Interface Countries Validações Pesquisa Espanha",
              "timedOut": null,
              "duration": 1494,
              "state": "passed",
              "speed": "fast",
              "pass": true,
              "fail": false,
              "pending": false,
              "context": null,
              "code": "cy.campoPesquisaEspanha();",
              "err": {},
              "uuid": "960edabc-838f-4169-8995-9b92ccf94ced",
              "parentUUID": "1d71db39-ec0a-4e15-9837-397dc12c0878",
              "isHook": false,
              "skipped": false
            },
            {
              "title": "Validações Pesquisa Eslovenia",
              "fullTitle": "Input Campo de Pesquisa Interface Countries Validações Pesquisa Eslovenia",
              "timedOut": null,
              "duration": 1556,
              "state": "passed",
              "speed": "fast",
              "pass": true,
              "fail": false,
              "pending": false,
              "context": null,
              "code": "cy.campoPesquisaEslovenia();",
              "err": {},
              "uuid": "956e3f97-2deb-4e36-8d32-8d6060bb8fd9",
              "parentUUID": "1d71db39-ec0a-4e15-9837-397dc12c0878",
              "isHook": false,
              "skipped": false
            },
            {
              "title": "Validações Pesquisa Finlandia",
              "fullTitle": "Input Campo de Pesquisa Interface Countries Validações Pesquisa Finlandia",
              "timedOut": null,
              "duration": 1634,
              "state": "passed",
              "speed": "fast",
              "pass": true,
              "fail": false,
              "pending": false,
              "context": null,
              "code": "cy.campoPesquisaFinlandia();",
              "err": {},
              "uuid": "52194dc4-fed7-41d5-a9a9-0df9279a470e",
              "parentUUID": "1d71db39-ec0a-4e15-9837-397dc12c0878",
              "isHook": false,
              "skipped": false
            },
            {
              "title": "Validações Pesquisa Filipinas",
              "fullTitle": "Input Campo de Pesquisa Interface Countries Validações Pesquisa Filipinas",
              "timedOut": null,
              "duration": 1547,
              "state": "passed",
              "speed": "fast",
              "pass": true,
              "fail": false,
              "pending": false,
              "context": null,
              "code": "cy.campoPesquisaFilipinas();",
              "err": {},
              "uuid": "b92dfc2a-a625-4fd4-a35f-c51070835f58",
              "parentUUID": "1d71db39-ec0a-4e15-9837-397dc12c0878",
              "isHook": false,
              "skipped": false
            },
            {
              "title": "Validações Pesquisa França",
              "fullTitle": "Input Campo de Pesquisa Interface Countries Validações Pesquisa França",
              "timedOut": null,
              "duration": 1512,
              "state": "passed",
              "speed": "fast",
              "pass": true,
              "fail": false,
              "pending": false,
              "context": null,
              "code": "cy.campoPesquisaFranca();",
              "err": {},
              "uuid": "47884b44-a497-4fae-81ad-4079e2c5e4e2",
              "parentUUID": "1d71db39-ec0a-4e15-9837-397dc12c0878",
              "isHook": false,
              "skipped": false
            },
            {
              "title": "Validações Pesquisa Grécia",
              "fullTitle": "Input Campo de Pesquisa Interface Countries Validações Pesquisa Grécia",
              "timedOut": null,
              "duration": 1521,
              "state": "passed",
              "speed": "fast",
              "pass": true,
              "fail": false,
              "pending": false,
              "context": null,
              "code": "cy.campoPesquisaGrecia();",
              "err": {},
              "uuid": "9d0e5660-c00f-4d0f-ae93-09dc7a0be24c",
              "parentUUID": "1d71db39-ec0a-4e15-9837-397dc12c0878",
              "isHook": false,
              "skipped": false
            },
            {
              "title": "Validações Pesquisa Gana",
              "fullTitle": "Input Campo de Pesquisa Interface Countries Validações Pesquisa Gana",
              "timedOut": null,
              "duration": 1500,
              "state": "passed",
              "speed": "fast",
              "pass": true,
              "fail": false,
              "pending": false,
              "context": null,
              "code": "cy.campoPesquisaGana();",
              "err": {},
              "uuid": "f1fa075e-7b27-4096-b2b0-e5d289e3a8f1",
              "parentUUID": "1d71db39-ec0a-4e15-9837-397dc12c0878",
              "isHook": false,
              "skipped": false
            },
            {
              "title": "Validações Pesquisa Holanda",
              "fullTitle": "Input Campo de Pesquisa Interface Countries Validações Pesquisa Holanda",
              "timedOut": null,
              "duration": 1496,
              "state": "passed",
              "speed": "fast",
              "pass": true,
              "fail": false,
              "pending": false,
              "context": null,
              "code": "cy.campoPesquisaHolanda();",
              "err": {},
              "uuid": "3f185087-63be-4b4d-91bf-392e7126f8ff",
              "parentUUID": "1d71db39-ec0a-4e15-9837-397dc12c0878",
              "isHook": false,
              "skipped": false
            },
            {
              "title": "Validações Pesquisa Iraque",
              "fullTitle": "Input Campo de Pesquisa Interface Countries Validações Pesquisa Iraque",
              "timedOut": null,
              "duration": 1495,
              "state": "passed",
              "speed": "fast",
              "pass": true,
              "fail": false,
              "pending": false,
              "context": null,
              "code": "cy.campoPesquisaIraque();",
              "err": {},
              "uuid": "78962aa7-1196-4fb1-aaba-353f01255bcb",
              "parentUUID": "1d71db39-ec0a-4e15-9837-397dc12c0878",
              "isHook": false,
              "skipped": false
            },
            {
              "title": "Validações Pesquisa India",
              "fullTitle": "Input Campo de Pesquisa Interface Countries Validações Pesquisa India",
              "timedOut": null,
              "duration": 1544,
              "state": "passed",
              "speed": "fast",
              "pass": true,
              "fail": false,
              "pending": false,
              "context": null,
              "code": "cy.campoPesquisaIndia();",
              "err": {},
              "uuid": "e3554e95-1a0c-461f-b384-3186901d3329",
              "parentUUID": "1d71db39-ec0a-4e15-9837-397dc12c0878",
              "isHook": false,
              "skipped": false
            },
            {
              "title": "Validações Pesquisa Italia",
              "fullTitle": "Input Campo de Pesquisa Interface Countries Validações Pesquisa Italia",
              "timedOut": null,
              "duration": 1522,
              "state": "passed",
              "speed": "fast",
              "pass": true,
              "fail": false,
              "pending": false,
              "context": null,
              "code": "cy.campoPesquisaItalia();",
              "err": {},
              "uuid": "5916abd4-80b2-4d01-996a-df74203a1872",
              "parentUUID": "1d71db39-ec0a-4e15-9837-397dc12c0878",
              "isHook": false,
              "skipped": false
            },
            {
              "title": "Validações Pesquisa Israel",
              "fullTitle": "Input Campo de Pesquisa Interface Countries Validações Pesquisa Israel",
              "timedOut": null,
              "duration": 1494,
              "state": "passed",
              "speed": "fast",
              "pass": true,
              "fail": false,
              "pending": false,
              "context": null,
              "code": "cy.campoPesquisaIsrael();",
              "err": {},
              "uuid": "a7973bd6-a3ad-46ea-8082-db47f5a8e566",
              "parentUUID": "1d71db39-ec0a-4e15-9837-397dc12c0878",
              "isHook": false,
              "skipped": false
            }
          ],
          "suites": [],
          "passes": [
            "c368078c-7515-419a-9b2a-11663d7072fa",
            "d04a67d3-37e5-4223-a097-3d11526ce874",
            "a6a8afb6-9904-4a03-9d5e-fe6436c35942",
            "9c675538-c962-426d-bb82-5cc5a1b5fd61",
            "0aff8d05-bcf1-4957-b754-f7ced3d1683a",
            "095e0259-4532-4868-aa03-6f356c5f0b76",
            "5340e7f0-8bcd-4cc3-9f82-0eac3db7c1ee",
            "4caabe63-1d26-4048-b85f-7925f08a158b",
            "eec649e7-c811-435b-9893-45af5e2af22c",
            "025fc181-fd76-4f3f-9d70-33cc0225bfba",
            "808b53f3-15c5-4612-bef7-fbadd7a3a4b0",
            "5d207ca2-1018-4505-83bf-2363a81e3fa3",
            "6725d237-9f65-44a0-ac6e-c07be0f6ae34",
            "2a2fe948-71d5-4ebc-81b9-ca500281fdcb",
            "686d4c27-993d-4c10-8d8b-6f6de25078b1",
            "762cfbb5-913b-48f7-af47-677d3a966a38",
            "240d86c5-2c20-4055-9ad4-af7699a1f2f6",
            "7fef9858-41b0-4c8d-81ce-d27bfefa5c74",
            "e7ee032a-c596-4f0f-9c5e-1e9fd642246a",
            "45b92a9e-0aad-495f-baad-efa584c2c371",
            "960edabc-838f-4169-8995-9b92ccf94ced",
            "956e3f97-2deb-4e36-8d32-8d6060bb8fd9",
            "52194dc4-fed7-41d5-a9a9-0df9279a470e",
            "b92dfc2a-a625-4fd4-a35f-c51070835f58",
            "47884b44-a497-4fae-81ad-4079e2c5e4e2",
            "9d0e5660-c00f-4d0f-ae93-09dc7a0be24c",
            "f1fa075e-7b27-4096-b2b0-e5d289e3a8f1",
            "3f185087-63be-4b4d-91bf-392e7126f8ff",
            "78962aa7-1196-4fb1-aaba-353f01255bcb",
            "e3554e95-1a0c-461f-b384-3186901d3329",
            "5916abd4-80b2-4d01-996a-df74203a1872",
            "a7973bd6-a3ad-46ea-8082-db47f5a8e566"
          ],
          "failures": [],
          "pending": [],
          "skipped": [],
          "duration": 52272,
          "root": false,
          "rootEmpty": false,
          "_timeout": 2000
        }
      ],
      "passes": [],
      "failures": [],
      "pending": [],
      "skipped": [],
      "duration": 0,
      "root": true,
      "rootEmpty": true,
      "_timeout": 2000
    }
  ],
  "meta": {
    "mocha": {
      "version": "7.0.1"
    },
    "mochawesome": {
      "options": {
        "quiet": false,
        "reportFilename": "[status]_[datetime]-[name]-report",
        "saveHtml": true,
        "saveJson": true,
        "consoleReporter": "spec",
        "useInlineDiffs": false,
        "code": true
      },
      "version": "7.1.3"
    },
    "marge": {
      "options": {
        "reportFilename": "[status]_[datetime]-[name]-report",
        "timestamp": "longDate",
        "reportDir": "cypress/reports",
        "quiet": false,
        "overwrite": false,
        "html": true,
        "json": true
      },
      "version": "6.2.0"
    }
  }
}