{
  "stats": {
    "suites": 1,
    "tests": 2,
    "passes": 2,
    "pending": 0,
    "failures": 0,
    "start": "2024-03-06T13:20:38.771Z",
    "end": "2024-03-06T13:21:14.412Z",
    "duration": 35641,
    "testsRegistered": 2,
    "passPercent": 100,
    "pendingPercent": 0,
    "other": 0,
    "hasOther": false,
    "skipped": 0,
    "hasSkipped": false
  },
  "results": [
    {
      "uuid": "402edaf6-e023-4d4d-8781-bcd410675d5c",
      "title": "",
      "fullFile": "cypress\\e2e\\validInterface.cy.js",
      "file": "cypress\\e2e\\validInterface.cy.js",
      "beforeHooks": [],
      "afterHooks": [],
      "tests": [],
      "suites": [
        {
          "uuid": "851d358c-61b8-4352-a5db-fb86ed4a7e4c",
          "title": "Área do Projeto validações de Informações da Interface",
          "fullFile": "",
          "file": "",
          "beforeHooks": [],
          "afterHooks": [],
          "tests": [
            {
              "title": "Confirmações de informações do Projeto",
              "fullTitle": "Área do Projeto validações de Informações da Interface Confirmações de informações do Projeto",
              "timedOut": null,
              "duration": 22329,
              "state": "passed",
              "speed": "slow",
              "pass": true,
              "fail": false,
              "pending": false,
              "context": null,
              "code": "cy.projeto();\ncy.fields();\ncy.endpoits();",
              "err": {},
              "uuid": "93188a0c-3898-4ab3-8e45-b736ffb767aa",
              "parentUUID": "851d358c-61b8-4352-a5db-fb86ed4a7e4c",
              "isHook": false,
              "skipped": false
            },
            {
              "title": "Confirmações de informações do Projeto",
              "fullTitle": "Área do Projeto validações de Informações da Interface Confirmações de informações do Projeto",
              "timedOut": null,
              "duration": 10426,
              "state": "passed",
              "speed": "slow",
              "pass": true,
              "fail": false,
              "pending": false,
              "context": null,
              "code": "cy.contributing();\ncy.donations();",
              "err": {},
              "uuid": "b78b8b1c-0c55-4379-b292-7a00efd90450",
              "parentUUID": "851d358c-61b8-4352-a5db-fb86ed4a7e4c",
              "isHook": false,
              "skipped": false
            }
          ],
          "suites": [],
          "passes": [
            "93188a0c-3898-4ab3-8e45-b736ffb767aa",
            "b78b8b1c-0c55-4379-b292-7a00efd90450"
          ],
          "failures": [],
          "pending": [],
          "skipped": [],
          "duration": 32755,
          "root": false,
          "rootEmpty": false,
          "_timeout": 2000
        }
      ],
      "passes": [],
      "failures": [],
      "pending": [],
      "skipped": [],
      "duration": 0,
      "root": true,
      "rootEmpty": true,
      "_timeout": 2000
    }
  ],
  "meta": {
    "mocha": {
      "version": "7.0.1"
    },
    "mochawesome": {
      "options": {
        "quiet": false,
        "reportFilename": "[status]_[datetime]-[name]-report",
        "saveHtml": true,
        "saveJson": true,
        "consoleReporter": "spec",
        "useInlineDiffs": false,
        "code": true
      },
      "version": "7.1.3"
    },
    "marge": {
      "options": {
        "reportFilename": "[status]_[datetime]-[name]-report",
        "timestamp": "longDate",
        "reportDir": "cypress/reports",
        "quiet": false,
        "overwrite": false,
        "html": true,
        "json": true
      },
      "version": "6.2.0"
    }
  }
}